<?xml version="1.0" encoding="UTF-8"?>
<testng-results total="1" passed="1" failed="0" skipped="0">
  <reporter-output>
  </reporter-output>
  <suite started-at="2022-02-26T07:23:59Z" name="Default suite" finished-at="2022-02-26T07:24:14Z" duration-ms="14840">
    <groups>
    </groups>
    <test started-at="2022-02-26T07:23:59Z" name="Default test" finished-at="2022-02-26T07:24:14Z" duration-ms="14840">
      <class name="mynotesapp.NotesTest">
        <test-method is-config="true" signature="beforeTest()[pri:0, instance:mynotesapp.NotesTest@3561c410]" started-at="2022-02-26T15:23:59Z" name="beforeTest" finished-at="2022-02-26T15:23:59Z" duration-ms="10" status="PASS">
          <reporter-output>
          </reporter-output>
        </test-method> <!-- beforeTest -->
        <test-method signature="f()[pri:0, instance:mynotesapp.NotesTest@3561c410]" started-at="2022-02-26T15:23:59Z" name="f" finished-at="2022-02-26T15:24:14Z" duration-ms="14819" status="PASS">
          <reporter-output>
          </reporter-output>
        </test-method> <!-- f -->
        <test-method is-config="true" signature="afterTest()[pri:0, instance:mynotesapp.NotesTest@3561c410]" started-at="2022-02-26T15:24:14Z" name="afterTest" finished-at="2022-02-26T15:24:14Z" duration-ms="0" status="PASS">
          <reporter-output>
          </reporter-output>
        </test-method> <!-- afterTest -->
      </class> <!-- mynotesapp.NotesTest -->
    </test> <!-- Default test -->
  </suite> <!-- Default suite -->
</testng-results>
